  stdafx.cpp
  animation.cpp
  animationTest.cpp
c:\users\hyoli\onedrive\desktop\box2d_base\animationtest.cpp(42): warning C4244: '인수': 'float'에서 'int'(으)로 변환하면서 데이터가 손실될 수 있습니다.
c:\users\hyoli\onedrive\desktop\box2d_base\animationtest.cpp(44): warning C4244: '인수': 'float'에서 'int'(으)로 변환하면서 데이터가 손실될 수 있습니다.
  effect.cpp
  effectManager.cpp
  gameNode.cpp
c:\users\hyoli\onedrive\desktop\box2d_base\gamenode.cpp(88): warning C4244: '=': 'float'에서 'LONG'(으)로 변환하면서 데이터가 손실될 수 있습니다.
c:\users\hyoli\onedrive\desktop\box2d_base\gamenode.cpp(89): warning C4244: '=': 'float'에서 'LONG'(으)로 변환하면서 데이터가 손실될 수 있습니다.
c:\users\hyoli\onedrive\desktop\box2d_base\gamenode.cpp(79): warning C4101: 'hdc' :참조되지 않은 지역 변수입니다.
c:\users\hyoli\onedrive\desktop\box2d_base\gamenode.cpp(78): warning C4101: 'ps' :참조되지 않은 지역 변수입니다.
  image.cpp
c:\users\hyoli\onedrive\desktop\box2d_base\image.cpp(127): warning C4267: '초기화 중': 'size_t'에서 'int'(으)로 변환하면서 데이터가 손실될 수 있습니다.
c:\users\hyoli\onedrive\desktop\box2d_base\image.cpp(186): warning C4267: '초기화 중': 'size_t'에서 'int'(으)로 변환하면서 데이터가 손실될 수 있습니다.
c:\users\hyoli\onedrive\desktop\box2d_base\image.cpp(243): warning C4267: '초기화 중': 'size_t'에서 'int'(으)로 변환하면서 데이터가 손실될 수 있습니다.
c:\users\hyoli\onedrive\desktop\box2d_base\image.cpp(313): warning C4244: '인수': 'float'에서 'int'(으)로 변환하면서 데이터가 손실될 수 있습니다.
c:\users\hyoli\onedrive\desktop\box2d_base\image.cpp(312): warning C4244: '인수': 'float'에서 'int'(으)로 변환하면서 데이터가 손실될 수 있습니다.
c:\users\hyoli\onedrive\desktop\box2d_base\image.cpp(326): warning C4244: '인수': 'float'에서 'int'(으)로 변환하면서 데이터가 손실될 수 있습니다.
c:\users\hyoli\onedrive\desktop\box2d_base\image.cpp(536): warning C4244: '인수': 'float'에서 'int'(으)로 변환하면서 데이터가 손실될 수 있습니다.
c:\users\hyoli\onedrive\desktop\box2d_base\image.cpp(543): warning C4244: '인수': 'float'에서 'int'(으)로 변환하면서 데이터가 손실될 수 있습니다.
  imageManager.cpp
  keyManager.cpp
  pixelCollision.cpp
c:\users\hyoli\onedrive\desktop\box2d_base\pixelcollision.cpp(22): warning C4244: '인수': 'float'에서 'int'(으)로 변환하면서 데이터가 손실될 수 있습니다.
c:\users\hyoli\onedrive\desktop\box2d_base\pixelcollision.cpp(24): warning C4244: '=': 'float'에서 'int'(으)로 변환하면서 데이터가 손실될 수 있습니다.
c:\users\hyoli\onedrive\desktop\box2d_base\pixelcollision.cpp(42): warning C4244: '=': 'float'에서 'int'(으)로 변환하면서 데이터가 손실될 수 있습니다.
c:\users\hyoli\onedrive\desktop\box2d_base\pixelcollision.cpp(46): warning C4244: '인수': 'float'에서 'int'(으)로 변환하면서 데이터가 손실될 수 있습니다.
c:\users\hyoli\onedrive\desktop\box2d_base\pixelcollision.cpp(54): warning C4244: '=': 'int'에서 'float'(으)로 변환하면서 데이터가 손실될 수 있습니다.
c:\users\hyoli\onedrive\desktop\box2d_base\pixelcollision.cpp(61): warning C4244: '인수': 'float'에서 'int'(으)로 변환하면서 데이터가 손실될 수 있습니다.
  playGround.cpp
c:\users\hyoli\onedrive\desktop\box2d_base\playground.cpp(106): warning C4267: '인수': 'size_t'에서 'int'(으)로 변환하면서 데이터가 손실될 수 있습니다.
c:\users\hyoli\onedrive\desktop\box2d_base\playground.cpp(109): warning C4267: '인수': 'size_t'에서 'int'(으)로 변환하면서 데이터가 손실될 수 있습니다.
  progressBar.cpp
c:\users\hyoli\onedrive\desktop\box2d_base\progressbar.cpp(19): warning C4244: '인수': 'float'에서 'int'(으)로 변환하면서 데이터가 손실될 수 있습니다.
c:\users\hyoli\onedrive\desktop\box2d_base\progressbar.cpp(25): warning C4244: '=': 'int'에서 'float'(으)로 변환하면서 데이터가 손실될 수 있습니다.
c:\users\hyoli\onedrive\desktop\box2d_base\progressbar.cpp(39): warning C4244: '인수': 'float'에서 'int'(으)로 변환하면서 데이터가 손실될 수 있습니다.
c:\users\hyoli\onedrive\desktop\box2d_base\progressbar.cpp(47): warning C4244: '인수': 'float'에서 'int'(으)로 변환하면서 데이터가 손실될 수 있습니다.
c:\users\hyoli\onedrive\desktop\box2d_base\progressbar.cpp(53): warning C4244: '인수': 'float'에서 'int'(으)로 변환하면서 데이터가 손실될 수 있습니다.
c:\users\hyoli\onedrive\desktop\box2d_base\progressbar.cpp(52): warning C4244: '인수': 'float'에서 'int'(으)로 변환하면서 데이터가 손실될 수 있습니다.
  soundManager.cpp
  timeManager.cpp
c:\users\hyoli\onedrive\desktop\box2d_base\timemanager.cpp(59): warning C4267: '인수': 'size_t'에서 'int'(으)로 변환하면서 데이터가 손실될 수 있습니다.
  timer.cpp
c:\users\hyoli\onedrive\desktop\box2d_base\timer.cpp(61): warning C4244: '=': 'float'에서 'unsigned long'(으)로 변환하면서 데이터가 손실될 수 있습니다.
  txtData.cpp
  utils.cpp
  windowAPI.cpp
c:\users\hyoli\onedrive\desktop\box2d_base\windowapi.cpp(88): warning C4244: 'return': 'WPARAM'에서 'int'(으)로 변환하면서 데이터가 손실될 수 있습니다.
Box2D.lib(b2World.obj) : error LNK2038: '_ITERATOR_DEBUG_LEVEL'에 대해 불일치가 검색되었습니다. '2' 값이 '0'(animation.obj에 위치) 값과 일치하지 않습니다.
Box2D.lib(b2World.obj) : error LNK2038: 'RuntimeLibrary'에 대해 불일치가 검색되었습니다. 'MDd_DynamicDebug' 값이 'MD_DynamicRelease'(animation.obj에 위치) 값과 일치하지 않습니다.
Box2D.lib(b2World.obj) : warning LNK4075: '/EDITANDCONTINUE'이(가) '/OPT:ICF' 사양으로 인해 무시됩니다.
Box2D.lib(b2PolygonShape.obj) : error LNK2038: '_ITERATOR_DEBUG_LEVEL'에 대해 불일치가 검색되었습니다. '2' 값이 '0'(animation.obj에 위치) 값과 일치하지 않습니다.
Box2D.lib(b2PolygonShape.obj) : error LNK2038: 'RuntimeLibrary'에 대해 불일치가 검색되었습니다. 'MDd_DynamicDebug' 값이 'MD_DynamicRelease'(animation.obj에 위치) 값과 일치하지 않습니다.
Box2D.lib(b2Body.obj) : error LNK2038: '_ITERATOR_DEBUG_LEVEL'에 대해 불일치가 검색되었습니다. '2' 값이 '0'(animation.obj에 위치) 값과 일치하지 않습니다.
Box2D.lib(b2Body.obj) : error LNK2038: 'RuntimeLibrary'에 대해 불일치가 검색되었습니다. 'MDd_DynamicDebug' 값이 'MD_DynamicRelease'(animation.obj에 위치) 값과 일치하지 않습니다.
Box2D.lib(b2BroadPhase.obj) : error LNK2038: '_ITERATOR_DEBUG_LEVEL'에 대해 불일치가 검색되었습니다. '2' 값이 '0'(animation.obj에 위치) 값과 일치하지 않습니다.
Box2D.lib(b2BroadPhase.obj) : error LNK2038: 'RuntimeLibrary'에 대해 불일치가 검색되었습니다. 'MDd_DynamicDebug' 값이 'MD_DynamicRelease'(animation.obj에 위치) 값과 일치하지 않습니다.
Box2D.lib(b2ContactManager.obj) : error LNK2038: '_ITERATOR_DEBUG_LEVEL'에 대해 불일치가 검색되었습니다. '2' 값이 '0'(animation.obj에 위치) 값과 일치하지 않습니다.
Box2D.lib(b2ContactManager.obj) : error LNK2038: 'RuntimeLibrary'에 대해 불일치가 검색되었습니다. 'MDd_DynamicDebug' 값이 'MD_DynamicRelease'(animation.obj에 위치) 값과 일치하지 않습니다.
Box2D.lib(b2Fixture.obj) : error LNK2038: '_ITERATOR_DEBUG_LEVEL'에 대해 불일치가 검색되었습니다. '2' 값이 '0'(animation.obj에 위치) 값과 일치하지 않습니다.
Box2D.lib(b2Fixture.obj) : error LNK2038: 'RuntimeLibrary'에 대해 불일치가 검색되었습니다. 'MDd_DynamicDebug' 값이 'MD_DynamicRelease'(animation.obj에 위치) 값과 일치하지 않습니다.
Box2D.lib(b2Island.obj) : error LNK2038: '_ITERATOR_DEBUG_LEVEL'에 대해 불일치가 검색되었습니다. '2' 값이 '0'(animation.obj에 위치) 값과 일치하지 않습니다.
Box2D.lib(b2Island.obj) : error LNK2038: 'RuntimeLibrary'에 대해 불일치가 검색되었습니다. 'MDd_DynamicDebug' 값이 'MD_DynamicRelease'(animation.obj에 위치) 값과 일치하지 않습니다.
Box2D.lib(b2Joint.obj) : error LNK2038: '_ITERATOR_DEBUG_LEVEL'에 대해 불일치가 검색되었습니다. '2' 값이 '0'(animation.obj에 위치) 값과 일치하지 않습니다.
Box2D.lib(b2Joint.obj) : error LNK2038: 'RuntimeLibrary'에 대해 불일치가 검색되었습니다. 'MDd_DynamicDebug' 값이 'MD_DynamicRelease'(animation.obj에 위치) 값과 일치하지 않습니다.
Box2D.lib(b2PulleyJoint.obj) : error LNK2038: '_ITERATOR_DEBUG_LEVEL'에 대해 불일치가 검색되었습니다. '2' 값이 '0'(animation.obj에 위치) 값과 일치하지 않습니다.
Box2D.lib(b2PulleyJoint.obj) : error LNK2038: 'RuntimeLibrary'에 대해 불일치가 검색되었습니다. 'MDd_DynamicDebug' 값이 'MD_DynamicRelease'(animation.obj에 위치) 값과 일치하지 않습니다.
Box2D.lib(b2Contact.obj) : error LNK2038: '_ITERATOR_DEBUG_LEVEL'에 대해 불일치가 검색되었습니다. '2' 값이 '0'(animation.obj에 위치) 값과 일치하지 않습니다.
Box2D.lib(b2Contact.obj) : error LNK2038: 'RuntimeLibrary'에 대해 불일치가 검색되었습니다. 'MDd_DynamicDebug' 값이 'MD_DynamicRelease'(animation.obj에 위치) 값과 일치하지 않습니다.
Box2D.lib(b2WorldCallbacks.obj) : error LNK2038: '_ITERATOR_DEBUG_LEVEL'에 대해 불일치가 검색되었습니다. '2' 값이 '0'(animation.obj에 위치) 값과 일치하지 않습니다.
Box2D.lib(b2WorldCallbacks.obj) : error LNK2038: 'RuntimeLibrary'에 대해 불일치가 검색되었습니다. 'MDd_DynamicDebug' 값이 'MD_DynamicRelease'(animation.obj에 위치) 값과 일치하지 않습니다.
Box2D.lib(b2ContactSolver.obj) : error LNK2038: '_ITERATOR_DEBUG_LEVEL'에 대해 불일치가 검색되었습니다. '2' 값이 '0'(animation.obj에 위치) 값과 일치하지 않습니다.
Box2D.lib(b2ContactSolver.obj) : error LNK2038: 'RuntimeLibrary'에 대해 불일치가 검색되었습니다. 'MDd_DynamicDebug' 값이 'MD_DynamicRelease'(animation.obj에 위치) 값과 일치하지 않습니다.
Box2D.lib(b2DistanceJoint.obj) : error LNK2038: '_ITERATOR_DEBUG_LEVEL'에 대해 불일치가 검색되었습니다. '2' 값이 '0'(animation.obj에 위치) 값과 일치하지 않습니다.
Box2D.lib(b2DistanceJoint.obj) : error LNK2038: 'RuntimeLibrary'에 대해 불일치가 검색되었습니다. 'MDd_DynamicDebug' 값이 'MD_DynamicRelease'(animation.obj에 위치) 값과 일치하지 않습니다.
Box2D.lib(b2WheelJoint.obj) : error LNK2038: '_ITERATOR_DEBUG_LEVEL'에 대해 불일치가 검색되었습니다. '2' 값이 '0'(animation.obj에 위치) 값과 일치하지 않습니다.
Box2D.lib(b2WheelJoint.obj) : error LNK2038: 'RuntimeLibrary'에 대해 불일치가 검색되었습니다. 'MDd_DynamicDebug' 값이 'MD_DynamicRelease'(animation.obj에 위치) 값과 일치하지 않습니다.
Box2D.lib(b2MouseJoint.obj) : error LNK2038: '_ITERATOR_DEBUG_LEVEL'에 대해 불일치가 검색되었습니다. '2' 값이 '0'(animation.obj에 위치) 값과 일치하지 않습니다.
Box2D.lib(b2MouseJoint.obj) : error LNK2038: 'RuntimeLibrary'에 대해 불일치가 검색되었습니다. 'MDd_DynamicDebug' 값이 'MD_DynamicRelease'(animation.obj에 위치) 값과 일치하지 않습니다.
Box2D.lib(b2RevoluteJoint.obj) : error LNK2038: '_ITERATOR_DEBUG_LEVEL'에 대해 불일치가 검색되었습니다. '2' 값이 '0'(animation.obj에 위치) 값과 일치하지 않습니다.
Box2D.lib(b2RevoluteJoint.obj) : error LNK2038: 'RuntimeLibrary'에 대해 불일치가 검색되었습니다. 'MDd_DynamicDebug' 값이 'MD_DynamicRelease'(animation.obj에 위치) 값과 일치하지 않습니다.
Box2D.lib(b2PrismaticJoint.obj) : error LNK2038: '_ITERATOR_DEBUG_LEVEL'에 대해 불일치가 검색되었습니다. '2' 값이 '0'(animation.obj에 위치) 값과 일치하지 않습니다.
Box2D.lib(b2PrismaticJoint.obj) : error LNK2038: 'RuntimeLibrary'에 대해 불일치가 검색되었습니다. 'MDd_DynamicDebug' 값이 'MD_DynamicRelease'(animation.obj에 위치) 값과 일치하지 않습니다.
Box2D.lib(b2GearJoint.obj) : error LNK2038: '_ITERATOR_DEBUG_LEVEL'에 대해 불일치가 검색되었습니다. '2' 값이 '0'(animation.obj에 위치) 값과 일치하지 않습니다.
Box2D.lib(b2GearJoint.obj) : error LNK2038: 'RuntimeLibrary'에 대해 불일치가 검색되었습니다. 'MDd_DynamicDebug' 값이 'MD_DynamicRelease'(animation.obj에 위치) 값과 일치하지 않습니다.
Box2D.lib(b2WeldJoint.obj) : error LNK2038: '_ITERATOR_DEBUG_LEVEL'에 대해 불일치가 검색되었습니다. '2' 값이 '0'(animation.obj에 위치) 값과 일치하지 않습니다.
Box2D.lib(b2WeldJoint.obj) : error LNK2038: 'RuntimeLibrary'에 대해 불일치가 검색되었습니다. 'MDd_DynamicDebug' 값이 'MD_DynamicRelease'(animation.obj에 위치) 값과 일치하지 않습니다.
Box2D.lib(b2FrictionJoint.obj) : error LNK2038: '_ITERATOR_DEBUG_LEVEL'에 대해 불일치가 검색되었습니다. '2' 값이 '0'(animation.obj에 위치) 값과 일치하지 않습니다.
Box2D.lib(b2FrictionJoint.obj) : error LNK2038: 'RuntimeLibrary'에 대해 불일치가 검색되었습니다. 'MDd_DynamicDebug' 값이 'MD_DynamicRelease'(animation.obj에 위치) 값과 일치하지 않습니다.
Box2D.lib(b2RopeJoint.obj) : error LNK2038: '_ITERATOR_DEBUG_LEVEL'에 대해 불일치가 검색되었습니다. '2' 값이 '0'(animation.obj에 위치) 값과 일치하지 않습니다.
Box2D.lib(b2RopeJoint.obj) : error LNK2038: 'RuntimeLibrary'에 대해 불일치가 검색되었습니다. 'MDd_DynamicDebug' 값이 'MD_DynamicRelease'(animation.obj에 위치) 값과 일치하지 않습니다.
Box2D.lib(b2MotorJoint.obj) : error LNK2038: '_ITERATOR_DEBUG_LEVEL'에 대해 불일치가 검색되었습니다. '2' 값이 '0'(animation.obj에 위치) 값과 일치하지 않습니다.
Box2D.lib(b2MotorJoint.obj) : error LNK2038: 'RuntimeLibrary'에 대해 불일치가 검색되었습니다. 'MDd_DynamicDebug' 값이 'MD_DynamicRelease'(animation.obj에 위치) 값과 일치하지 않습니다.
Box2D.lib(b2CircleContact.obj) : error LNK2038: '_ITERATOR_DEBUG_LEVEL'에 대해 불일치가 검색되었습니다. '2' 값이 '0'(animation.obj에 위치) 값과 일치하지 않습니다.
Box2D.lib(b2CircleContact.obj) : error LNK2038: 'RuntimeLibrary'에 대해 불일치가 검색되었습니다. 'MDd_DynamicDebug' 값이 'MD_DynamicRelease'(animation.obj에 위치) 값과 일치하지 않습니다.
Box2D.lib(b2PolygonAndCircleContact.obj) : error LNK2038: '_ITERATOR_DEBUG_LEVEL'에 대해 불일치가 검색되었습니다. '2' 값이 '0'(animation.obj에 위치) 값과 일치하지 않습니다.
Box2D.lib(b2PolygonAndCircleContact.obj) : error LNK2038: 'RuntimeLibrary'에 대해 불일치가 검색되었습니다. 'MDd_DynamicDebug' 값이 'MD_DynamicRelease'(animation.obj에 위치) 값과 일치하지 않습니다.
Box2D.lib(b2PolygonContact.obj) : error LNK2038: '_ITERATOR_DEBUG_LEVEL'에 대해 불일치가 검색되었습니다. '2' 값이 '0'(animation.obj에 위치) 값과 일치하지 않습니다.
Box2D.lib(b2PolygonContact.obj) : error LNK2038: 'RuntimeLibrary'에 대해 불일치가 검색되었습니다. 'MDd_DynamicDebug' 값이 'MD_DynamicRelease'(animation.obj에 위치) 값과 일치하지 않습니다.
Box2D.lib(b2EdgeAndCircleContact.obj) : error LNK2038: '_ITERATOR_DEBUG_LEVEL'에 대해 불일치가 검색되었습니다. '2' 값이 '0'(animation.obj에 위치) 값과 일치하지 않습니다.
Box2D.lib(b2EdgeAndCircleContact.obj) : error LNK2038: 'RuntimeLibrary'에 대해 불일치가 검색되었습니다. 'MDd_DynamicDebug' 값이 'MD_DynamicRelease'(animation.obj에 위치) 값과 일치하지 않습니다.
Box2D.lib(b2EdgeAndPolygonContact.obj) : error LNK2038: '_ITERATOR_DEBUG_LEVEL'에 대해 불일치가 검색되었습니다. '2' 값이 '0'(animation.obj에 위치) 값과 일치하지 않습니다.
Box2D.lib(b2EdgeAndPolygonContact.obj) : error LNK2038: 'RuntimeLibrary'에 대해 불일치가 검색되었습니다. 'MDd_DynamicDebug' 값이 'MD_DynamicRelease'(animation.obj에 위치) 값과 일치하지 않습니다.
Box2D.lib(b2ChainAndCircleContact.obj) : error LNK2038: '_ITERATOR_DEBUG_LEVEL'에 대해 불일치가 검색되었습니다. '2' 값이 '0'(animation.obj에 위치) 값과 일치하지 않습니다.
Box2D.lib(b2ChainAndCircleContact.obj) : error LNK2038: 'RuntimeLibrary'에 대해 불일치가 검색되었습니다. 'MDd_DynamicDebug' 값이 'MD_DynamicRelease'(animation.obj에 위치) 값과 일치하지 않습니다.
Box2D.lib(b2ChainAndPolygonContact.obj) : error LNK2038: '_ITERATOR_DEBUG_LEVEL'에 대해 불일치가 검색되었습니다. '2' 값이 '0'(animation.obj에 위치) 값과 일치하지 않습니다.
Box2D.lib(b2ChainAndPolygonContact.obj) : error LNK2038: 'RuntimeLibrary'에 대해 불일치가 검색되었습니다. 'MDd_DynamicDebug' 값이 'MD_DynamicRelease'(animation.obj에 위치) 값과 일치하지 않습니다.
Box2D.lib(b2ChainShape.obj) : error LNK2038: '_ITERATOR_DEBUG_LEVEL'에 대해 불일치가 검색되었습니다. '2' 값이 '0'(animation.obj에 위치) 값과 일치하지 않습니다.
Box2D.lib(b2ChainShape.obj) : error LNK2038: 'RuntimeLibrary'에 대해 불일치가 검색되었습니다. 'MDd_DynamicDebug' 값이 'MD_DynamicRelease'(animation.obj에 위치) 값과 일치하지 않습니다.
Box2D.lib(b2EdgeShape.obj) : error LNK2038: '_ITERATOR_DEBUG_LEVEL'에 대해 불일치가 검색되었습니다. '2' 값이 '0'(animation.obj에 위치) 값과 일치하지 않습니다.
Box2D.lib(b2EdgeShape.obj) : error LNK2038: 'RuntimeLibrary'에 대해 불일치가 검색되었습니다. 'MDd_DynamicDebug' 값이 'MD_DynamicRelease'(animation.obj에 위치) 값과 일치하지 않습니다.
LINK : warning LNK4098: 'MSVCRTD' defaultlib가 다른 라이브러리와 충돌합니다. /NODEFAULTLIB:library를 사용하십시오.
Box2D.lib(b2ContactManager.obj) : error LNK2001: __imp__invalid_parameter 외부 기호를 확인할 수 없습니다.
Box2D.lib(b2ContactManager.obj) : error LNK2001: __imp__CrtDbgReport 외부 기호를 확인할 수 없습니다.
C:\Users\hyoli\OneDrive\Desktop\box2D_base\x64\Release\windowAPI.exe : fatal error LNK1120: 2개의 확인할 수 없는 외부 참조입니다.
